Unity Editor version:    2020.3.20f1 (41c4e627c95f)
Branch:                  2020.3/staging
Build type:              Release
Batch mode:              YES
macOS version:           Version 11.5.2 (Build 20G95)
Darwin version:          20.6.0
Architecture:            x86_64
Running under Rosetta:   NO
Available memory:        16384 MB
Using pre-set license
Pro License: NO

COMMAND LINE ARGUMENTS:
/Applications/Unity/Hub/Editor/2020.3.20f1/Unity.app/Contents/MacOS/Unity
-adb2
-batchMode
-noUpm
-name
AssetImportWorker0
-projectPath
/Users/baba/VRacademy_audition_MagicLeap/VRacademy_MagicLeapVer
-logFile
Logs/AssetImportWorker0.log
-srvPort
50188
Successfully changed project path to: /Users/baba/VRacademy_audition_MagicLeap/VRacademy_MagicLeapVer
/Users/baba/VRacademy_audition_MagicLeap/VRacademy_MagicLeapVer
Using Asset Import Pipeline V2.
Refreshing native plugins compatible for Editor in 56.86 ms, found 3 plugins.
Preloading 0 native plugins for Editor in 0.00 ms.
Initialize engine version: 2020.3.20f1 (41c4e627c95f)
[Subsystems] Discovering subsystems at path /Applications/Unity/Hub/Editor/2020.3.20f1/Unity.app/Contents/Resources/UnitySubsystems
[Subsystems] Discovering subsystems at path /Users/baba/VRacademy_audition_MagicLeap/VRacademy_MagicLeapVer/Assets
GfxDevice: creating device client; threaded=0
Renderer: NVIDIA GeForce GT 750M OpenGL Engine
Vendor:   NVIDIA Corporation
Version:  4.1 NVIDIA-16.0.13 
GLES:     0
 GL_ARB_blend_func_extended GL_ARB_draw_buffers_blend GL_ARB_draw_indirect GL_ARB_ES2_compatibility GL_ARB_explicit_attrib_location GL_ARB_gpu_shader_fp64 GL_ARB_gpu_shader5 GL_ARB_instanced_arrays GL_ARB_internalformat_query GL_ARB_occlusion_query2 GL_ARB_sample_shading GL_ARB_sampler_objects GL_ARB_separate_shader_objects GL_ARB_shader_bit_encoding GL_ARB_shader_subroutine GL_ARB_shading_language_include GL_ARB_tessellation_shader GL_ARB_texture_buffer_object_rgb32 GL_ARB_texture_cube_map_array GL_ARB_texture_gather GL_ARB_texture_query_lod GL_ARB_texture_rgb10_a2ui GL_ARB_texture_storage GL_ARB_texture_swizzle GL_ARB_timer_query GL_ARB_transform_feedback2 GL_ARB_transform_feedback3 GL_ARB_vertex_attrib_64bit GL_ARB_vertex_type_2_10_10_10_rev GL_ARB_viewport_array GL_EXT_debug_label GL_EXT_debug_marker GL_EXT_depth_bounds_test GL_EXT_framebuffer_multisample_blit_scaled GL_EXT_texture_compression_s3tc GL_EXT_texture_filter_anisotropic GL_EXT_texture_mirror_clamp GL_EXT_texture_sRGB_decode GL_APPLE_client_st
orage GL_APPLE_container_object_shareable GL_APPLE_flush_render GL_APPLE_object_purgeable GL_APPLE_rgb_422 GL_APPLE_row_bytes GL_APPLE_texture_range GL_ATI_texture_mirror_once GL_NV_texture_barrier
OPENGL LOG: Creating OpenGL 4.1 graphics device ; Context level  <OpenGL 4.1> ; Context handle -1224372736
Initialize mono
Mono path[0] = '/Applications/Unity/Hub/Editor/2020.3.20f1/Unity.app/Contents/Managed'
Mono path[1] = '/Applications/Unity/Hub/Editor/2020.3.20f1/Unity.app/Contents/MonoBleedingEdge/lib/mono/unityjit'
Mono config path = '/Applications/Unity/Hub/Editor/2020.3.20f1/Unity.app/Contents/MonoBleedingEdge/etc'
Using monoOptions --debugger-agent=transport=dt_socket,embedding=1,server=y,suspend=n,address=127.0.0.1:56310
Begin MonoManager ReloadAssembly
Registering precompiled unity dll's ...
Register platform support module: /Applications/Unity/Hub/Editor/2020.3.20f1/Unity.app/Contents/PlaybackEngines/MacStandaloneSupport/UnityEditor.OSXStandalone.Extensions.dll
Register platform support module: /Applications/Unity/Hub/Editor/2020.3.20f1/PlaybackEngines/LuminSupport/UnityEditor.Lumin.Extensions.dll
Registered in 0.002929 seconds.
Native extension for Lumin target not found
Native extension for OSXStandalone target not found
Refreshing native plugins compatible for Editor in 46.25 ms, found 3 plugins.
Preloading 0 native plugins for Editor in 0.00 ms.
Mono: successfully reloaded assembly
- Completed reload, in  3.819 seconds
Domain Reload Profiling:
	ReloadAssembly (3819ms)
		BeginReloadAssembly (67ms)
			ExecutionOrderSort (0ms)
			DisableScriptedObjects (0ms)
			BackupInstance (0ms)
			ReleaseScriptingObjects (0ms)
			CreateAndSetChildDomain (1ms)
		EndReloadAssembly (647ms)
			LoadAssemblies (69ms)
			RebuildTransferFunctionScriptingTraits (0ms)
			SetupTypeCache (272ms)
			ReleaseScriptCaches (0ms)
			RebuildScriptCaches (55ms)
			SetupLoadedEditorAssemblies (241ms)
				LogAssemblyErrors (0ms)
				InitializePlatformSupportModulesInManaged (6ms)
				SetLoadedEditorAssemblies (1ms)
				RefreshPlugins (46ms)
				BeforeProcessingInitializeOnLoad (13ms)
				ProcessInitializeOnLoadAttributes (133ms)
				ProcessInitializeOnLoadMethodAttributes (42ms)
				AfterProcessingInitializeOnLoad (0ms)
				EditorAssembliesLoaded (0ms)
			ExecutionOrderSort2 (0ms)
			AwakeInstancesAfterBackupRestoration (0ms)
Platform modules already initialized, skipping
Registering precompiled user dll's ...
Registered in 0.005529 seconds.
Begin MonoManager ReloadAssembly
Native extension for Lumin target not found
Native extension for OSXStandalone target not found
Refreshing native plugins compatible for Editor in 42.23 ms, found 3 plugins.
Preloading 0 native plugins for Editor in 0.00 ms.
Mono: successfully reloaded assembly
- Completed reload, in  1.689 seconds
Domain Reload Profiling:
	ReloadAssembly (1690ms)
		BeginReloadAssembly (229ms)
			ExecutionOrderSort (0ms)
			DisableScriptedObjects (6ms)
			BackupInstance (0ms)
			ReleaseScriptingObjects (0ms)
			CreateAndSetChildDomain (47ms)
		EndReloadAssembly (1364ms)
			LoadAssemblies (158ms)
			RebuildTransferFunctionScriptingTraits (0ms)
			SetupTypeCache (486ms)
			ReleaseScriptCaches (1ms)
			RebuildScriptCaches (76ms)
			SetupLoadedEditorAssemblies (460ms)
				LogAssemblyErrors (0ms)
				InitializePlatformSupportModulesInManaged (6ms)
				SetLoadedEditorAssemblies (0ms)
				RefreshPlugins (42ms)
				BeforeProcessingInitializeOnLoad (95ms)
				ProcessInitializeOnLoadAttributes (307ms)
				ProcessInitializeOnLoadMethodAttributes (7ms)
				AfterProcessingInitializeOnLoad (2ms)
				EditorAssembliesLoaded (0ms)
			ExecutionOrderSort2 (0ms)
			AwakeInstancesAfterBackupRestoration (12ms)
Platform modules already initialized, skipping
Validating Project structure ... 0.000948 seconds.
Shader import version has changed; will reimport all shaders...
Upgrading shader files ...0.000721 seconds.
Application.AssetDatabase Initial Script Refresh Start
RefreshInfo: InitialScriptRefreshV2(NoUpdateAssetOptions) scanfilter:  ... 1 filters
RefreshProfiler: Total: 0.000ms
Application.AssetDatabase Initial Script Refresh End
Application.AssetDatabase.Refresh Start
Application.AssetDatabase.Refresh End
RefreshInfo: StopAssetImportingV2(ForceSynchronousImport) scanfilter: 
RefreshProfiler: Total: 0.000ms
Launching external process: /Applications/Unity/Hub/Editor/2020.3.20f1/Unity.app/Contents/Tools/UnityShaderCompiler
Launched and connected shader compiler UnityShaderCompiler after 0.02 seconds
Initializing Unity extensions:
========================================================================
Worker process is ready to serve import requests
Refreshing native plugins compatible for Editor in 0.46 ms, found 3 plugins.
Preloading 0 native plugins for Editor in 0.00 ms.
Unloading 1980 Unused Serialized files (Serialized files now loaded: 0)
System memory in use before: 189.7 MB.
System memory in use after: 189.0 MB.

Unloading 116 unused Assets to reduce memory usage. Loaded Objects now: 2452.
Total: 4.824969 ms (FindLiveObjects: 0.258980 ms CreateObjectMapping: 0.113911 ms MarkObjects: 3.809486 ms  DeleteObjects: 0.641250 ms)

AssetImportParameters requested are different than current active one (requested -> active):
  custom:video-decoder-ogg-theora: a1e56fd34408186e4bbccfd4996cb3dc -> 
  custom:container-muxer-webm: aa71ff27fc2769a1b78a27578f13a17b -> 
  custom:container-demuxer-webm: 4f35f7cbe854078d1ac9338744f61a02 -> 
  custom:container-demuxer-ogg: 62fdf1f143b41e24485cea50d1cbac27 -> 
  custom:video-encoder-webm-vp8: eb34c28f22e8b96e1ab97ce403110664 -> 
  custom:framework-osx-AVFoundation: e770b220cccbd017edd2c1fefb359320 -> 
  custom:video-decoder-webm-vp8: 9c59270c3fd7afecdb556c50c9e8de78 -> 
  custom:audio-decoder-ogg-vorbis: bf7c407c2cedff20999df2af8eb42d56 -> 
  custom:audio-encoder-webm-vorbis: bf7c407c2cedff20999df2af8eb42d56 -> 
========================================================================
Received Import Request.
  path: Packages/com.magicleap.unitysdk/package.json
  artifactKey: Guid(637531852ea2ed749a23a7f0f6a0aa9e) Importer(815301076,1909f56bfc062723c751e8b465ee728b)
Start importing Packages/com.magicleap.unitysdk/package.json using Guid(637531852ea2ed749a23a7f0f6a0aa9e) Importer(815301076,1909f56bfc062723c751e8b465ee728b)  -> (artifact id: '893521a7191da7e195e5862ae2f9ecf8') in 1.441940 seconds 
  Import took 1.445920 seconds .

========================================================================
Received Import Request.
  Time since last request: 0.004820 seconds.
  path: Packages/com.magicleap.unitysdk/Tools
  artifactKey: Guid(e393ef0fc81ef41439f82d2ee0f71f65) Importer(815301076,1909f56bfc062723c751e8b465ee728b)
Start importing Packages/com.magicleap.unitysdk/Tools using Guid(e393ef0fc81ef41439f82d2ee0f71f65) Importer(815301076,1909f56bfc062723c751e8b465ee728b)  -> (artifact id: 'ea9a170d27edd007255eee1ab638e257') in 0.000920 seconds 
  Import took 0.005262 seconds .

========================================================================
Received Import Request.
  Time since last request: 0.000306 seconds.
  path: Assets/Plugins/Lumin/MagicLeapManifestSettings.asset
  artifactKey: Guid(c2b582620212544e2a6436eac1cdbeb0) Importer(815301076,1909f56bfc062723c751e8b465ee728b)
Start importing Assets/Plugins/Lumin/MagicLeapManifestSettings.asset using Guid(c2b582620212544e2a6436eac1cdbeb0) Importer(815301076,1909f56bfc062723c751e8b465ee728b)  -> (artifact id: '803f72fdbe92e303e39dfbff2b77e142') in 1.022017 seconds 
  Import took 1.026378 seconds .

========================================================================
Received Import Request.
  Time since last request: 0.003567 seconds.
  path: Packages/com.magicleap.unitysdk/Tools/LuminUnity-ToolsRef.asmref
  artifactKey: Guid(5e4bca91d5d448e439ba4664f2bad285) Importer(815301076,1909f56bfc062723c751e8b465ee728b)
Start importing Packages/com.magicleap.unitysdk/Tools/LuminUnity-ToolsRef.asmref using Guid(5e4bca91d5d448e439ba4664f2bad285) Importer(815301076,1909f56bfc062723c751e8b465ee728b)  -> (artifact id: '2af373ad5a101b8e399cd12e7db80121') in 0.399852 seconds 
  Import took 0.404102 seconds .

========================================================================
Received Import Request.
  Time since last request: 0.002878 seconds.
  path: Packages/com.magicleap.unitysdk/Tools/Prefabs/MLWebRTCVideoSinkBehavior.prefab
  artifactKey: Guid(d8071916bf3fc044d845828c9c34ce16) Importer(815301076,1909f56bfc062723c751e8b465ee728b)
Start importing Packages/com.magicleap.unitysdk/Tools/Prefabs/MLWebRTCVideoSinkBehavior.prefab using Guid(d8071916bf3fc044d845828c9c34ce16) Importer(815301076,1909f56bfc062723c751e8b465ee728b)  -> (artifact id: '0141aea092aaefe1880a19683aae5411') in 0.334756 seconds 
  Import took 0.339286 seconds .

========================================================================
Received Import Request.
  Time since last request: 0.003207 seconds.
  path: Packages/com.magicleap.unitysdk/Tools/Prefabs/Main Camera.prefab
  artifactKey: Guid(24158fb1437dc8e418d893939758764d) Importer(815301076,1909f56bfc062723c751e8b465ee728b)
Start importing Packages/com.magicleap.unitysdk/Tools/Prefabs/Main Camera.prefab using Guid(24158fb1437dc8e418d893939758764d) Importer(815301076,1909f56bfc062723c751e8b465ee728b)  -> (artifact id: '8d818e86b828268d01730efbc7c267a1') in 0.009708 seconds 
  Import took 0.013865 seconds .

========================================================================
Received Import Request.
  Time since last request: 0.000285 seconds.
  path: Packages/com.magicleap.unitysdk/Tools/Prefabs
  artifactKey: Guid(b4762d67c786d8a468bdb3efb726db81) Importer(815301076,1909f56bfc062723c751e8b465ee728b)
Start importing Packages/com.magicleap.unitysdk/Tools/Prefabs using Guid(b4762d67c786d8a468bdb3efb726db81) Importer(815301076,1909f56bfc062723c751e8b465ee728b)  -> (artifact id: '8791330b75e61963916b53b7f3ab55dd') in 0.001631 seconds 
  Import took 0.005275 seconds .

